{"level":"error","message":"Register failed: Unsupported protocol localhost: with payload {}","timestamp":"2024-04-28 16:43:27"}
{"level":"error","message":"Register failed: Unsupported protocol localhost: with payload {\"username\":\"yoni\",\"password\":123456}","timestamp":"2024-04-28 16:44:40"}
{"level":"error","message":"Register failed: Unsupported protocol localhost: with payload {\"username\":\"yoni\",\"password\":123456}","timestamp":"2024-04-28 16:45:19"}
{"level":"error","message":"Register failed: Request failed with status code 500 with payload {\"username\":\"yoni\",\"password\":123456}","timestamp":"2024-05-01 21:46:35"}
{"level":"error","message":"Register failed: Request failed with status code 500 with payload {\"username\":\"yoni\",\"password\":123456,\"email\":\"dDADSda\"}","timestamp":"2024-05-01 21:47:25"}
{"level":"error","message":"Register failed: Request failed with status code 500 with payload {\"username\":\"yoni\",\"password\":123456,\"email\":\"dDADSda\"}","timestamp":"2024-05-01 21:47:49"}
{"level":"error","message":"Register failed: Request failed with status code 500 with payload {\"username\":\"yoni\",\"password\":123456,\"email\":\"dDADSda\"}","timestamp":"2024-05-01 21:49:00"}
{"level":"error","message":"Register failed: Request failed with status code 500 with payload {\"username\":\"admin\",\"password\":123456,\"email\":\"SDDFsd\"}","timestamp":"2024-05-01 22:00:33"}
{"level":"error","message":"Register failed: Request failed with status code 500 with payload {\"username\":\"admin\",\"password\":123456,\"email\":\"SDDFsd\"}","timestamp":"2024-05-01 22:01:04"}
{"level":"error","message":"Register failed: Request failed with status code 500 with payload {\"username\":\"admin\",\"password\":123456,\"email\":\"SDDFsd\"}","timestamp":"2024-05-01 22:01:16"}
{"level":"error","message":"Register failed: Request failed with status code 500 with payload {\"username\":\"admin\",\"password\":123456,\"email\":\"SDDFsd\"}","timestamp":"2024-05-01 22:02:02"}
{"level":"error","message":"Register failed: Request failed with status code 500 with payload {\"username\":\"admin\",\"password\":123456,\"email\":\"SDDFsd\"}","timestamp":"2024-05-01 22:02:21"}
{"level":"error","message":"Register failed: Request failed with status code 500 with payload {\"username\":\"admin\",\"password\":123456,\"email\":\"SDDFsd\"}","timestamp":"2024-05-01 22:14:23"}
{"level":"error","message":"Register failed: Request failed with status code 500 with payload {\"username\":\"admin\",\"password\":123456,\"email\":\"SDDFsd\"}","timestamp":"2024-05-01 22:14:47"}
{"level":"error","message":"Register failed: Request failed with status code 500 with payload {\"username\":\"admin\",\"password\":123456,\"email\":\"SDDFsd\"}","timestamp":"2024-05-01 22:18:07"}
{"level":"error","message":"Register failed: Request failed with status code 500 with payload {\"username\":\"admin\",\"password\":123456,\"email\":\"SDDFsd\"}","timestamp":"2024-05-01 22:18:07"}
{"level":"error","message":"Register failed: Request failed with status code 500 with payload {\"username\":\"admin\",\"password\":123456,\"email\":\"SDDFsd\"}","timestamp":"2024-05-01 22:22:34"}
{"level":"error","message":"Register failed: Request failed with status code 500 with payload {\"username\":\"admin\",\"password\":123456,\"email\":\"SDDFsd\"}","timestamp":"2024-05-01 22:23:03"}
{"level":"error","message":"Register failed: Request failed with status code 500 with payload {\"username\":\"adm211in\",\"email\":\"SDDF22sd\"}","timestamp":"2024-05-02 18:20:14"}
{"level":"error","message":"Register failed: Request failed with status code 500 with payload {\"username\":\"adm211in\",\"password\":123456,\"email\":\"SDDF22sd\"}","timestamp":"2024-05-02 18:20:50"}
{"level":"error","message":"Login failed: Request failed with status code 401 with payload {\"username\":\"jon\",\"password\":123456,\"email\":\"admin\"}","timestamp":"2024-05-02 18:43:24"}
{"level":"error","message":"Login failed: Request failed with status code 401 with payload {\"username\":\"jon\",\"password\":123456,\"email\":\"admin\"}","timestamp":"2024-05-02 18:44:00"}
{"level":"error","message":"Login failed: Request failed with status code 401 with payload {\"username\":\"jon\",\"password\":123456,\"email\":\"admin\"}","timestamp":"2024-05-02 18:44:51"}
{"level":"error","message":"Login failed: Request failed with status code 401 with payload {\"username\":\"jon\",\"password\":123456,\"email\":\"admin\"}","timestamp":"2024-05-02 18:46:10"}
{"level":"error","message":"Login failed: Request failed with status code 401 with payload {\"username\":\"jon\",\"password\":123456,\"email\":\"admin\"}","timestamp":"2024-05-02 18:46:12"}
{"level":"error","message":"Login failed: Request failed with status code 401 with payload {\"username\":\"jon\",\"password\":123456,\"email\":\"admin\"}","timestamp":"2024-05-02 18:46:13"}
{"level":"error","message":"Login failed: Request failed with status code 401 with payload {\"username\":\"jon\",\"password\":123456,\"email\":\"admin\"}","timestamp":"2024-05-02 18:46:14"}
{"level":"error","message":"Login failed: Request failed with status code 401 with payload {\"password\":123456,\"email\":\"admin\"}","timestamp":"2024-05-02 18:46:31"}
{"level":"error","message":"Register failed: Request failed with status code 500 with payload {\"password\":123456,\"email\":\"admin@gmail.com\"}","timestamp":"2024-05-02 19:19:37"}
{"level":"error","message":"Login failed: Request failed with status code 401 with payload {\"password\":123456,\"email\":\"admin@gmail.com\"}","timestamp":"2024-05-02 19:20:14"}
{"level":"error","message":"Login failed: Request failed with status code 401 with payload {\"password\":123456,\"email\":\"admin@gmail.com\"}","timestamp":"2024-05-02 19:20:24"}
{"level":"error","message":"Login failed: Request failed with status code 401 with payload {\"password\":123456,\"email\":\"admin@gmail.com\"}","timestamp":"2024-05-02 19:21:15"}
{"level":"error","message":"Login failed: Request failed with status code 401 with payload {\"password\":123456,\"email\":\"admin@gmail.com\"}","timestamp":"2024-05-02 19:22:13"}
{"level":"error","message":"Login failed: Request failed with status code 401 with payload {\"password\":123456,\"email\":\"admin@gmail.com\"}","timestamp":"2024-05-02 19:23:11"}
{"level":"error","message":"Login failed: Request failed with status code 401 with payload {\"password\":123456,\"email\":\"admin@gmail.com\"}","timestamp":"2024-05-02 19:24:53"}
{"level":"error","message":"Login failed: Request failed with status code 401 with payload {\"password\":123456,\"email\":\"admin@gmail.com\"}","timestamp":"2024-05-02 19:24:56"}
{"level":"error","message":"Login failed: Request failed with status code 401 with payload {\"password\":\"123456\",\"email\":\"admin@gmail.com\"}","timestamp":"2024-05-02 19:25:09"}
{"level":"error","message":"Login failed: Request failed with status code 401 with payload {\"password\":\"123456\",\"email\":\"admin@gmail.com\"}","timestamp":"2024-05-02 19:25:11"}
{"level":"error","message":"Login failed: Request failed with status code 401 with payload {\"password\":\"123456\",\"email\":\"admin@gmail.com\"}","timestamp":"2024-05-02 19:25:11"}
{"level":"error","message":"Login failed: Request failed with status code 401 with payload {\"password\":\"123456\",\"email\":\"admin@gmail.com\"}","timestamp":"2024-05-02 19:25:11"}
{"level":"error","message":"Login failed: Request failed with status code 401 with payload {\"password\":\"123456\",\"email\":\"admin@gmail.com\"}","timestamp":"2024-05-02 19:25:12"}
{"level":"error","message":"Login failed: Request failed with status code 401 with payload {\"password\":\"123456\",\"email\":\"admin@gmail.com\"}","timestamp":"2024-05-02 19:25:12"}
{"level":"error","message":"Login failed: Request failed with status code 401 with payload {\"password\":\"123456\",\"email\":\"admin@gmail.com\"}","timestamp":"2024-05-02 19:25:12"}
{"level":"error","message":"Login failed: Request failed with status code 401 with payload {\"password\":\"123456\",\"email\":\"admin@gmail.com\"}","timestamp":"2024-05-02 19:25:12"}
{"level":"error","message":"Login failed: Request failed with status code 401 with payload {\"password\":\"123456\",\"email\":\"admin@gmail.com\"}","timestamp":"2024-05-02 19:25:12"}
{"level":"error","message":"Login failed: Request failed with status code 401 with payload {\"password\":\"123456\",\"email\":\"admin@gmail.com\"}","timestamp":"2024-05-02 19:25:13"}
{"level":"error","message":"Login failed: Request failed with status code 401 with payload {\"password\":\"123456\",\"email\":\"admin@gmail.com\"}","timestamp":"2024-05-02 19:25:13"}
{"level":"error","message":"Login failed: Request failed with status code 401 with payload {\"password\":\"123456\",\"email\":\"admin@gmail.com\"}","timestamp":"2024-05-02 19:25:13"}
{"level":"error","message":"Login failed: Request failed with status code 401 with payload {\"password\":\"123456\",\"email\":\"admin@gmail.com\"}","timestamp":"2024-05-02 19:25:13"}
{"level":"error","message":"Login failed: Request failed with status code 401 with payload {\"password\":\"123456\",\"email\":\"admin@gmail.com\"}","timestamp":"2024-05-02 19:25:13"}
{"level":"error","message":"Login failed: Request failed with status code 401 with payload {\"password\":\"123456\",\"email\":\"admin@gmail.com\"}","timestamp":"2024-05-02 19:25:13"}
{"level":"error","message":"Login failed: Request failed with status code 401 with payload {\"password\":\"123456\",\"email\":\"admin@gmail.com\"}","timestamp":"2024-05-02 19:25:22"}
{"level":"error","message":"Login failed: Request failed with status code 401 with payload {\"password\":\"123456\",\"email\":\"admin@gmail.com\"}","timestamp":"2024-05-02 19:25:27"}
{"level":"error","message":"Login failed: Request failed with status code 401 with payload {\"password\":123456,\"email\":\"admin@gmail.com\"}","timestamp":"2024-05-02 19:26:46"}
{"level":"error","message":"Login failed: Request failed with status code 401 with payload {\"password\":123456,\"email\":\"admin@gmail.com\"}","timestamp":"2024-05-02 19:26:49"}
{"level":"error","message":"Login failed: Request failed with status code 401 with payload {\"password\":123456,\"email\":\"admin@gmail.com\"}","timestamp":"2024-05-02 19:27:02"}
